
10월 15, 2024 10:25:24.663 NEW SESSION
10월 15, 2024 10:25:24.663 Created TensorFlow Lite XNNPACK delegate for CPU.
10월 15, 2024 10:25:24.914 [8520:27000:1015/102524.914:ERROR:registration_request.cc(291)] Registration response error message: DEPRECATED_ENDPOINT
10월 15, 2024 10:30:44.157 Created TensorFlow Lite XNNPACK delegate for CPU.
10월 15, 2024 10:30:44.381 [6260:18836:1015/103044.381:ERROR:registration_request.cc(291)] Registration response error message: DEPRECATED_ENDPOINT
10월 15, 2024 11:13:38.474 Created TensorFlow Lite XNNPACK delegate for CPU.
10월 15, 2024 11:13:38.688 [15000:21588:1015/111338.688:ERROR:registration_request.cc(291)] Registration response error message: DEPRECATED_ENDPOINT
10월 15, 2024 11:28:21.909 Created TensorFlow Lite XNNPACK delegate for CPU.
10월 15, 2024 11:28:22.151 [9556:30716:1015/112822.151:ERROR:registration_request.cc(291)] Registration response error message: DEPRECATED_ENDPOINT
10월 15, 2024 11:34:04.761 Created TensorFlow Lite XNNPACK delegate for CPU.
10월 15, 2024 11:34:04.980 [18212:19180:1015/113404.979:ERROR:registration_request.cc(291)] Registration response error message: DEPRECATED_ENDPOINT
10월 15, 2024 11:34:12.975 [18212:15768:1015/113412.975:ERROR:get_updates_processor.cc(265)] PostClientToServerMessage() failed during GetUpdates with error Network error (ERR_ABORTED)
10월 15, 2024 11:35:45.607 Created TensorFlow Lite XNNPACK delegate for CPU.
10월 15, 2024 11:35:45.832 [2744:4348:1015/113545.832:ERROR:registration_request.cc(291)] Registration response error message: DEPRECATED_ENDPOINT
10월 15, 2024 11:35:52.375 Created TensorFlow Lite XNNPACK delegate for CPU.
10월 15, 2024 11:35:52.628 [29084:2376:1015/113552.628:ERROR:registration_request.cc(291)] Registration response error message: DEPRECATED_ENDPOINT
10월 15, 2024 11:37:15.920 Created TensorFlow Lite XNNPACK delegate for CPU.
10월 15, 2024 11:43:19.635 Created TensorFlow Lite XNNPACK delegate for CPU.
10월 15, 2024 11:43:19.849 [6380:30320:1015/114319.848:ERROR:registration_request.cc(291)] Registration response error message: DEPRECATED_ENDPOINT
10월 15, 2024 11:52:05.719 Created TensorFlow Lite XNNPACK delegate for CPU.
10월 15, 2024 11:52:05.860 [22084:12576:1015/115205.860:ERROR:registration_request.cc(291)] Registration response error message: DEPRECATED_ENDPOINT
10월 15, 2024 11:52:33.504 [22084:12576:1015/115233.504:ERROR:registration_request.cc(291)] Registration response error message: DEPRECATED_ENDPOINT
10월 15, 2024 11:53:18.789 [22084:12576:1015/115318.789:ERROR:registration_request.cc(291)] Registration response error message: DEPRECATED_ENDPOINT
10월 15, 2024 11:54:45.332 [22084:12576:1015/115445.332:ERROR:registration_request.cc(291)] Registration response error message: DEPRECATED_ENDPOINT
10월 15, 2024 11:58:19.768 [22084:12576:1015/115819.768:ERROR:registration_request.cc(291)] Registration response error message: DEPRECATED_ENDPOINT
10월 15, 2024 12:03:56.868 [22084:12576:1015/120356.853:ERROR:registration_request.cc(291)] Registration response error message: DEPRECATED_ENDPOINT
10월 15, 2024 12:10:48.323 Created TensorFlow Lite XNNPACK delegate for CPU.
10월 15, 2024 12:10:48.628 [30484:14300:1015/121048.628:ERROR:registration_request.cc(291)] Registration response error message: DEPRECATED_ENDPOINT
10월 15, 2024 12:11:12.405 [30484:14300:1015/121112.404:ERROR:registration_request.cc(291)] Registration response error message: DEPRECATED_ENDPOINT
10월 15, 2024 12:12:10.303 [30484:14300:1015/121210.303:ERROR:registration_request.cc(291)] Registration response error message: DEPRECATED_ENDPOINT
10월 15, 2024 12:13:49.587 [30484:14300:1015/121349.587:ERROR:registration_request.cc(291)] Registration response error message: DEPRECATED_ENDPOINT
10월 15, 2024 12:16:41.440 [30484:14300:1015/121641.440:ERROR:registration_request.cc(291)] Registration response error message: DEPRECATED_ENDPOINT
10월 15, 2024 12:19:15.986 Created TensorFlow Lite XNNPACK delegate for CPU.
10월 15, 2024 12:19:16.159 [21212:8168:1015/121916.158:ERROR:registration_request.cc(291)] Registration response error message: DEPRECATED_ENDPOINT
10월 15, 2024 12:19:40.12 [21212:8168:1015/121940.012:ERROR:registration_request.cc(291)] Registration response error message: DEPRECATED_ENDPOINT
10월 15, 2024 12:20:35.877 [21212:8168:1015/122035.877:ERROR:registration_request.cc(291)] Registration response error message: DEPRECATED_ENDPOINT
10월 15, 2024 12:22:16.68 [21212:8168:1015/122216.068:ERROR:registration_request.cc(291)] Registration response error message: DEPRECATED_ENDPOINT
10월 15, 2024 12:25:38.347 [21212:8168:1015/122538.347:ERROR:registration_request.cc(291)] Registration response error message: DEPRECATED_ENDPOINT
10월 15, 2024 12:31:01.267 [21212:8168:1015/123101.266:ERROR:registration_request.cc(291)] Registration response error message: DEPRECATED_ENDPOINT
10월 15, 2024 12:31:43.803 Created TensorFlow Lite XNNPACK delegate for CPU.
10월 15, 2024 12:31:44.55 [19872:21952:1015/123144.055:ERROR:registration_request.cc(291)] Registration response error message: DEPRECATED_ENDPOINT
10월 15, 2024 12:32:13.47 [19872:21952:1015/123213.047:ERROR:registration_request.cc(291)] Registration response error message: DEPRECATED_ENDPOINT
10월 15, 2024 12:33:05.663 [19872:21952:1015/123305.663:ERROR:registration_request.cc(291)] Registration response error message: DEPRECATED_ENDPOINT
10월 15, 2024 12:34:44.428 [19872:21952:1015/123444.428:ERROR:registration_request.cc(291)] Registration response error message: DEPRECATED_ENDPOINT
10월 15, 2024 12:37:50.966 [19872:21952:1015/123750.965:ERROR:registration_request.cc(291)] Registration response error message: DEPRECATED_ENDPOINT
10월 15, 2024 12:44:13.970 [19872:21952:1015/124413.969:ERROR:registration_request.cc(291)] Registration response error message: DEPRECATED_ENDPOINT
10월 15, 2024 12:46:03.191 Created TensorFlow Lite XNNPACK delegate for CPU.
10월 15, 2024 12:46:03.405 [1104:15056:1015/124603.405:ERROR:registration_request.cc(291)] Registration response error message: DEPRECATED_ENDPOINT
10월 15, 2024 12:46:33.584 Created TensorFlow Lite XNNPACK delegate for CPU.
10월 15, 2024 12:46:33.792 [15904:9812:1015/124633.791:ERROR:registration_request.cc(291)] Registration response error message: DEPRECATED_ENDPOINT
10월 15, 2024 12:47:00.529 [15904:9812:1015/124700.529:ERROR:registration_request.cc(291)] Registration response error message: DEPRECATED_ENDPOINT
10월 15, 2024 12:47:42.99 [15904:9812:1015/124742.099:ERROR:registration_request.cc(291)] Registration response error message: DEPRECATED_ENDPOINT
10월 15, 2024 12:49:07.150 [15904:9812:1015/124907.150:ERROR:registration_request.cc(291)] Registration response error message: DEPRECATED_ENDPOINT
10월 15, 2024 12:51:55.662 [15904:9812:1015/125155.662:ERROR:registration_request.cc(291)] Registration response error message: DEPRECATED_ENDPOINT
10월 15, 2024 12:58:34.523 [15904:9812:1015/125834.523:ERROR:registration_request.cc(291)] Registration response error message: DEPRECATED_ENDPOINT
10월 15, 2024 14:22:32.796 Created TensorFlow Lite XNNPACK delegate for CPU.
10월 15, 2024 14:22:32.998 [26756:19088:1015/142232.998:ERROR:registration_request.cc(291)] Registration response error message: DEPRECATED_ENDPOINT
10월 15, 2024 14:25:47.650 Created TensorFlow Lite XNNPACK delegate for CPU.
10월 15, 2024 14:25:47.865 [9028:16556:1015/142547.865:ERROR:registration_request.cc(291)] Registration response error message: DEPRECATED_ENDPOINT
10월 15, 2024 14:26:15.770 [9028:16556:1015/142615.770:ERROR:registration_request.cc(291)] Registration response error message: DEPRECATED_ENDPOINT
10월 15, 2024 14:26:57.360 [9028:16556:1015/142657.360:ERROR:registration_request.cc(291)] Registration response error message: DEPRECATED_ENDPOINT
10월 15, 2024 14:28:39.489 [9028:16556:1015/142839.488:ERROR:registration_request.cc(291)] Registration response error message: DEPRECATED_ENDPOINT
10월 15, 2024 14:31:59.965 [9028:16556:1015/143159.964:ERROR:registration_request.cc(291)] Registration response error message: DEPRECATED_ENDPOINT
10월 15, 2024 14:37:22.32 [9028:16556:1015/143722.031:ERROR:registration_request.cc(291)] Registration response error message: DEPRECATED_ENDPOINT
10월 15, 2024 14:56:15.60 [9028:9304:1015/145615.060:ERROR:interface_endpoint_client.cc(725)] Message 0 rejected by interface blink.mojom.WidgetHost
10월 15, 2024 14:58:00.362 [9028:9304:1015/145800.362:ERROR:interface_endpoint_client.cc(725)] Message 0 rejected by interface blink.mojom.WidgetHost
10월 15, 2024 15:10:33.43 Created TensorFlow Lite XNNPACK delegate for CPU.
10월 15, 2024 15:10:33.204 [20464:26048:1015/151033.203:ERROR:registration_request.cc(291)] Registration response error message: DEPRECATED_ENDPOINT
10월 15, 2024 15:11:00.354 [20464:26048:1015/151100.354:ERROR:registration_request.cc(291)] Registration response error message: DEPRECATED_ENDPOINT
10월 15, 2024 15:11:43.280 [20464:26048:1015/151143.280:ERROR:registration_request.cc(291)] Registration response error message: DEPRECATED_ENDPOINT
10월 15, 2024 15:13:26.676 [20464:26048:1015/151326.676:ERROR:registration_request.cc(291)] Registration response error message: DEPRECATED_ENDPOINT
10월 15, 2024 15:16:17.206 [20464:26048:1015/151617.206:ERROR:registration_request.cc(291)] Registration response error message: DEPRECATED_ENDPOINT
10월 15, 2024 15:24:49.875 [29784:20696:1015/152449.875:ERROR:registration_request.cc(291)] Registration response error message: DEPRECATED_ENDPOINT
10월 15, 2024 15:24:50.163 Created TensorFlow Lite XNNPACK delegate for CPU.
10월 15, 2024 15:25:27.707 Created TensorFlow Lite XNNPACK delegate for CPU.
10월 15, 2024 15:25:27.878 [12816:22284:1015/152527.878:ERROR:registration_request.cc(291)] Registration response error message: DEPRECATED_ENDPOINT
10월 15, 2024 15:25:57.453 [12816:22284:1015/152557.453:ERROR:registration_request.cc(291)] Registration response error message: DEPRECATED_ENDPOINT
10월 15, 2024 15:26:01.741 [12816:24472:1015/152601.741:ERROR:CONSOLE(1)] "Unknown VE context: language-mismatch", source: devtools://devtools/bundled/devtools-frontend/front_end/ui/visual_logging/visual_logging.js (1)
10월 15, 2024 15:26:02.267 [12816:24472:1015/152602.266:ERROR:CONSOLE(1)] "Unknown VE context: language-mismatch", source: devtools://devtools/bundled/devtools-frontend/front_end/ui/visual_logging/visual_logging.js (1)
10월 15, 2024 15:26:03.247 [12816:24472:1015/152603.246:ERROR:CONSOLE(1)] "Unknown VE context: language-mismatch", source: devtools://devtools/bundled/devtools-frontend/front_end/ui/visual_logging/visual_logging.js (1)
10월 15, 2024 15:26:03.763 [12816:24472:1015/152603.763:ERROR:CONSOLE(1)] "Unknown VE context: language-mismatch", source: devtools://devtools/bundled/devtools-frontend/front_end/ui/visual_logging/visual_logging.js (1)
10월 15, 2024 15:26:04.702 [12816:24472:1015/152604.701:ERROR:CONSOLE(1)] "Unknown VE context: language-mismatch", source: devtools://devtools/bundled/devtools-frontend/front_end/ui/visual_logging/visual_logging.js (1)
10월 15, 2024 15:26:17.746 [12816:24472:1015/152617.745:ERROR:CONSOLE(1)] "Unknown VE context: language-mismatch", source: devtools://devtools/bundled/devtools-frontend/front_end/ui/visual_logging/visual_logging.js (1)
10월 15, 2024 15:26:18.280 [12816:24472:1015/152618.280:ERROR:CONSOLE(1)] "Unknown VE context: language-mismatch", source: devtools://devtools/bundled/devtools-frontend/front_end/ui/visual_logging/visual_logging.js (1)
10월 15, 2024 15:26:18.899 [12816:24472:1015/152618.899:ERROR:CONSOLE(1)] "Unknown VE context: language-mismatch", source: devtools://devtools/bundled/devtools-frontend/front_end/ui/visual_logging/visual_logging.js (1)
10월 15, 2024 15:26:19.419 [12816:24472:1015/152619.419:ERROR:CONSOLE(1)] "Unknown VE context: language-mismatch", source: devtools://devtools/bundled/devtools-frontend/front_end/ui/visual_logging/visual_logging.js (1)
10월 15, 2024 15:26:21.596 [12816:24472:1015/152621.596:ERROR:CONSOLE(1)] "Unknown VE context: language-mismatch", source: devtools://devtools/bundled/devtools-frontend/front_end/ui/visual_logging/visual_logging.js (1)
10월 15, 2024 15:26:23.46 [12816:24472:1015/152623.045:ERROR:CONSOLE(1)] "Unknown VE context: language-mismatch", source: devtools://devtools/bundled/devtools-frontend/front_end/ui/visual_logging/visual_logging.js (1)
10월 15, 2024 15:26:23.607 [12816:24472:1015/152623.607:ERROR:CONSOLE(1)] "Unknown VE context: language-mismatch", source: devtools://devtools/bundled/devtools-frontend/front_end/ui/visual_logging/visual_logging.js (1)
10월 15, 2024 15:26:30.813 [12816:24472:1015/152630.813:ERROR:CONSOLE(1)] "Unknown VE context: language-mismatch", source: devtools://devtools/bundled/devtools-frontend/front_end/ui/visual_logging/visual_logging.js (1)
10월 15, 2024 15:26:31.323 [12816:24472:1015/152631.322:ERROR:CONSOLE(1)] "Unknown VE context: language-mismatch", source: devtools://devtools/bundled/devtools-frontend/front_end/ui/visual_logging/visual_logging.js (1)
10월 15, 2024 15:26:32.563 [12816:24472:1015/152632.563:ERROR:CONSOLE(1)] "Unknown VE context: language-mismatch", source: devtools://devtools/bundled/devtools-frontend/front_end/ui/visual_logging/visual_logging.js (1)
10월 15, 2024 15:26:34.380 [12816:24472:1015/152634.380:ERROR:CONSOLE(1)] "Unknown VE context: language-mismatch", source: devtools://devtools/bundled/devtools-frontend/front_end/ui/visual_logging/visual_logging.js (1)
10월 15, 2024 15:26:34.944 [12816:24472:1015/152634.944:ERROR:CONSOLE(1)] "Unknown VE context: language-mismatch", source: devtools://devtools/bundled/devtools-frontend/front_end/ui/visual_logging/visual_logging.js (1)
10월 15, 2024 15:26:42.582 [12816:22284:1015/152642.582:ERROR:registration_request.cc(291)] Registration response error message: DEPRECATED_ENDPOINT
10월 15, 2024 15:26:45.899 [12816:24472:1015/152645.898:ERROR:CONSOLE(1)] "Unknown VE context: language-mismatch", source: devtools://devtools/bundled/devtools-frontend/front_end/ui/visual_logging/visual_logging.js (1)
10월 15, 2024 15:26:46.415 [12816:24472:1015/152646.415:ERROR:CONSOLE(1)] "Unknown VE context: language-mismatch", source: devtools://devtools/bundled/devtools-frontend/front_end/ui/visual_logging/visual_logging.js (1)
10월 15, 2024 15:27:00.281 [12816:24472:1015/152700.281:ERROR:CONSOLE(1)] "Unknown VE context: language-mismatch", source: devtools://devtools/bundled/devtools-frontend/front_end/ui/visual_logging/visual_logging.js (1)
10월 15, 2024 15:27:00.797 [12816:24472:1015/152700.797:ERROR:CONSOLE(1)] "Unknown VE context: language-mismatch", source: devtools://devtools/bundled/devtools-frontend/front_end/ui/visual_logging/visual_logging.js (1)
10월 15, 2024 15:27:05.53 [12816:24472:1015/152705.053:ERROR:CONSOLE(1)] "Unknown VE context: language-mismatch", source: devtools://devtools/bundled/devtools-frontend/front_end/ui/visual_logging/visual_logging.js (1)
10월 15, 2024 15:27:05.564 [12816:24472:1015/152705.564:ERROR:CONSOLE(1)] "Unknown VE context: language-mismatch", source: devtools://devtools/bundled/devtools-frontend/front_end/ui/visual_logging/visual_logging.js (1)
10월 15, 2024 15:27:06.680 [12816:24472:1015/152706.680:ERROR:CONSOLE(1)] "Unknown VE context: language-mismatch", source: devtools://devtools/bundled/devtools-frontend/front_end/ui/visual_logging/visual_logging.js (1)
10월 15, 2024 15:27:07.295 [12816:24472:1015/152707.295:ERROR:CONSOLE(1)] "Unknown VE context: language-mismatch", source: devtools://devtools/bundled/devtools-frontend/front_end/ui/visual_logging/visual_logging.js (1)
10월 15, 2024 15:27:07.916 [12816:24472:1015/152707.915:ERROR:CONSOLE(1)] "Unknown VE context: language-mismatch", source: devtools://devtools/bundled/devtools-frontend/front_end/ui/visual_logging/visual_logging.js (1)
10월 15, 2024 15:27:08.963 [12816:24472:1015/152708.963:ERROR:CONSOLE(1)] "Unknown VE context: language-mismatch", source: devtools://devtools/bundled/devtools-frontend/front_end/ui/visual_logging/visual_logging.js (1)
10월 15, 2024 15:27:09.525 [12816:24472:1015/152709.525:ERROR:CONSOLE(1)] "Unknown VE context: language-mismatch", source: devtools://devtools/bundled/devtools-frontend/front_end/ui/visual_logging/visual_logging.js (1)
10월 15, 2024 15:27:12.484 [12816:24472:1015/152712.483:ERROR:CONSOLE(1)] "Unknown VE context: language-mismatch", source: devtools://devtools/bundled/devtools-frontend/front_end/ui/visual_logging/visual_logging.js (1)
10월 15, 2024 15:27:12.995 [12816:24472:1015/152712.995:ERROR:CONSOLE(1)] "Unknown VE context: language-mismatch", source: devtools://devtools/bundled/devtools-frontend/front_end/ui/visual_logging/visual_logging.js (1)
10월 15, 2024 15:27:13.743 [12816:24472:1015/152713.743:ERROR:CONSOLE(1)] "Unknown VE context: language-mismatch", source: devtools://devtools/bundled/devtools-frontend/front_end/ui/visual_logging/visual_logging.js (1)
10월 15, 2024 15:27:24.947 [12816:24472:1015/152724.947:ERROR:CONSOLE(1)] "Unknown VE context: language-mismatch", source: devtools://devtools/bundled/devtools-frontend/front_end/ui/visual_logging/visual_logging.js (1)
10월 15, 2024 15:27:25.549 [12816:24472:1015/152725.549:ERROR:CONSOLE(1)] "Unknown VE context: language-mismatch", source: devtools://devtools/bundled/devtools-frontend/front_end/ui/visual_logging/visual_logging.js (1)
10월 15, 2024 15:27:36.915 [12816:24472:1015/152736.914:ERROR:CONSOLE(1)] "Unknown VE context: language-mismatch", source: devtools://devtools/bundled/devtools-frontend/front_end/ui/visual_logging/visual_logging.js (1)
10월 15, 2024 15:27:37.447 [12816:24472:1015/152737.447:ERROR:CONSOLE(1)] "Unknown VE context: language-mismatch", source: devtools://devtools/bundled/devtools-frontend/front_end/ui/visual_logging/visual_logging.js (1)
10월 15, 2024 15:27:40.946 [12816:24472:1015/152740.946:ERROR:CONSOLE(1)] "Unknown VE context: language-mismatch", source: devtools://devtools/bundled/devtools-frontend/front_end/ui/visual_logging/visual_logging.js (1)
10월 15, 2024 15:27:43.463 [12816:24472:1015/152743.463:ERROR:CONSOLE(1)] "Unknown VE context: language-mismatch", source: devtools://devtools/bundled/devtools-frontend/front_end/ui/visual_logging/visual_logging.js (1)
10월 15, 2024 15:27:45.14 [12816:24472:1015/152745.013:ERROR:CONSOLE(1)] "Unknown VE context: language-mismatch", source: devtools://devtools/bundled/devtools-frontend/front_end/ui/visual_logging/visual_logging.js (1)
10월 15, 2024 15:27:45.529 [12816:24472:1015/152745.528:ERROR:CONSOLE(1)] "Unknown VE context: language-mismatch", source: devtools://devtools/bundled/devtools-frontend/front_end/ui/visual_logging/visual_logging.js (1)
10월 15, 2024 15:27:48.497 [12816:24472:1015/152748.496:ERROR:CONSOLE(1)] "Unknown VE context: language-mismatch", source: devtools://devtools/bundled/devtools-frontend/front_end/ui/visual_logging/visual_logging.js (1)
10월 15, 2024 15:27:49.382 [12816:24472:1015/152749.381:ERROR:CONSOLE(1)] "Unknown VE context: language-mismatch", source: devtools://devtools/bundled/devtools-frontend/front_end/ui/visual_logging/visual_logging.js (1)
10월 15, 2024 15:28:58.411 Created TensorFlow Lite XNNPACK delegate for CPU.
10월 15, 2024 15:28:58.655 [14204:10616:1015/152858.655:ERROR:registration_request.cc(291)] Registration response error message: DEPRECATED_ENDPOINT
10월 15, 2024 15:29:21.921 [14204:10616:1015/152921.920:ERROR:registration_request.cc(291)] Registration response error message: DEPRECATED_ENDPOINT
10월 15, 2024 15:30:08.176 [14204:10616:1015/153008.176:ERROR:registration_request.cc(291)] Registration response error message: DEPRECATED_ENDPOINT
10월 15, 2024 15:31:33.960 [14204:10616:1015/153133.959:ERROR:registration_request.cc(291)] Registration response error message: DEPRECATED_ENDPOINT
10월 15, 2024 15:35:09.799 [14204:10616:1015/153509.798:ERROR:registration_request.cc(291)] Registration response error message: DEPRECATED_ENDPOINT
10월 15, 2024 15:42:16.805 [14204:10616:1015/154216.805:ERROR:registration_request.cc(291)] Registration response error message: DEPRECATED_ENDPOINT
10월 15, 2024 16:04:45.148 Created TensorFlow Lite XNNPACK delegate for CPU.
10월 15, 2024 16:04:45.414 [26332:25224:1015/160445.413:ERROR:registration_request.cc(291)] Registration response error message: DEPRECATED_ENDPOINT
10월 15, 2024 16:05:12.525 [26332:25224:1015/160512.525:ERROR:registration_request.cc(291)] Registration response error message: DEPRECATED_ENDPOINT
10월 15, 2024 16:06:02.294 [26332:25224:1015/160602.294:ERROR:registration_request.cc(291)] Registration response error message: DEPRECATED_ENDPOINT
10월 15, 2024 16:07:58.760 [26332:25224:1015/160758.760:ERROR:registration_request.cc(291)] Registration response error message: DEPRECATED_ENDPOINT
10월 15, 2024 16:11:42.577 [26332:25224:1015/161142.577:ERROR:registration_request.cc(291)] Registration response error message: DEPRECATED_ENDPOINT

10월 15, 2024 16:14:17.731 NEW SESSION
10월 15, 2024 16:14:17.731 Created TensorFlow Lite XNNPACK delegate for CPU.
10월 15, 2024 16:14:17.921 [11220:3404:1015/161417.921:ERROR:registration_request.cc(291)] Registration response error message: DEPRECATED_ENDPOINT
10월 15, 2024 16:15:26.446 Created TensorFlow Lite XNNPACK delegate for CPU.
10월 15, 2024 16:15:26.666 [3716:4152:1015/161526.666:ERROR:registration_request.cc(291)] Registration response error message: DEPRECATED_ENDPOINT
10월 15, 2024 16:15:50.349 [3716:4152:1015/161550.349:ERROR:registration_request.cc(291)] Registration response error message: DEPRECATED_ENDPOINT
10월 15, 2024 16:16:32.392 [3716:4152:1015/161632.391:ERROR:registration_request.cc(291)] Registration response error message: DEPRECATED_ENDPOINT
10월 15, 2024 16:18:05.57 [3716:4152:1015/161805.056:ERROR:registration_request.cc(291)] Registration response error message: DEPRECATED_ENDPOINT
10월 15, 2024 16:21:21.36 [3716:4152:1015/162121.036:ERROR:registration_request.cc(291)] Registration response error message: DEPRECATED_ENDPOINT
10월 15, 2024 16:24:16.987 Created TensorFlow Lite XNNPACK delegate for CPU.
10월 15, 2024 16:24:17.290 [28608:9088:1015/162417.289:ERROR:registration_request.cc(291)] Registration response error message: DEPRECATED_ENDPOINT
10월 15, 2024 16:24:43.941 [28608:9088:1015/162443.941:ERROR:registration_request.cc(291)] Registration response error message: DEPRECATED_ENDPOINT
10월 15, 2024 16:25:58.949 Created TensorFlow Lite XNNPACK delegate for CPU.
10월 15, 2024 16:25:59.164 [26184:18000:1015/162559.163:ERROR:registration_request.cc(291)] Registration response error message: DEPRECATED_ENDPOINT
10월 15, 2024 16:26:19.962 [26184:18000:1015/162619.962:ERROR:connection_factory_impl.cc(434)] Failed to connect to MCS endpoint with error -118
10월 15, 2024 16:26:28.996 [26184:18000:1015/162628.995:ERROR:registration_request.cc(291)] Registration response error message: DEPRECATED_ENDPOINT
10월 15, 2024 16:27:17.907 [26184:18000:1015/162717.906:ERROR:registration_request.cc(291)] Registration response error message: DEPRECATED_ENDPOINT
10월 15, 2024 16:28:41.951 [26184:18000:1015/162841.950:ERROR:registration_request.cc(291)] Registration response error message: DEPRECATED_ENDPOINT
10월 15, 2024 16:32:25.816 [26184:18000:1015/163225.816:ERROR:registration_request.cc(291)] Registration response error message: DEPRECATED_ENDPOINT
10월 15, 2024 16:38:35.09 [26184:18000:1015/163835.008:ERROR:registration_request.cc(291)] Registration response error message: DEPRECATED_ENDPOINT
10월 15, 2024 17:11:35.995 Created TensorFlow Lite XNNPACK delegate for CPU.
10월 15, 2024 17:11:36.193 [23052:24244:1015/171136.192:ERROR:registration_request.cc(291)] Registration response error message: DEPRECATED_ENDPOINT
10월 15, 2024 17:12:03.618 [23052:24244:1015/171203.617:ERROR:registration_request.cc(291)] Registration response error message: DEPRECATED_ENDPOINT
10월 15, 2024 17:12:55.801 [23052:24244:1015/171255.801:ERROR:registration_request.cc(291)] Registration response error message: DEPRECATED_ENDPOINT
10월 15, 2024 17:14:51.582 [23052:24244:1015/171451.582:ERROR:registration_request.cc(291)] Registration response error message: DEPRECATED_ENDPOINT
10월 15, 2024 17:18:36.935 [23052:24244:1015/171836.934:ERROR:registration_request.cc(291)] Registration response error message: DEPRECATED_ENDPOINT
10월 15, 2024 17:26:31.734 [23052:24244:1015/172631.734:ERROR:registration_request.cc(291)] Registration response error message: DEPRECATED_ENDPOINT
10월 15, 2024 17:38:17.542 Created TensorFlow Lite XNNPACK delegate for CPU.
10월 15, 2024 17:38:17.746 [28568:29704:1015/173817.746:ERROR:registration_request.cc(291)] Registration response error message: DEPRECATED_ENDPOINT
10월 15, 2024 17:38:41.789 [28568:29704:1015/173841.789:ERROR:registration_request.cc(291)] Registration response error message: DEPRECATED_ENDPOINT
10월 15, 2024 17:39:42.28 [28568:29704:1015/173942.027:ERROR:registration_request.cc(291)] Registration response error message: DEPRECATED_ENDPOINT
10월 15, 2024 17:41:26.718 [28568:29704:1015/174126.718:ERROR:registration_request.cc(291)] Registration response error message: DEPRECATED_ENDPOINT

10월 16, 2024 09:03:42.493 NEW SESSION
10월 16, 2024 09:03:42.493 Created TensorFlow Lite XNNPACK delegate for CPU.
10월 16, 2024 09:03:42.692 [26460:26588:1016/090342.691:ERROR:registration_request.cc(291)] Registration response error message: DEPRECATED_ENDPOINT
10월 16, 2024 09:04:04.408 [26460:26588:1016/090404.408:ERROR:registration_request.cc(291)] Registration response error message: DEPRECATED_ENDPOINT
10월 16, 2024 09:04:55.00 [26460:26588:1016/090455.000:ERROR:registration_request.cc(291)] Registration response error message: DEPRECATED_ENDPOINT
10월 16, 2024 09:06:18.244 [26460:26588:1016/090618.243:ERROR:registration_request.cc(291)] Registration response error message: DEPRECATED_ENDPOINT
10월 16, 2024 09:09:12.724 [26460:26588:1016/090912.724:ERROR:registration_request.cc(291)] Registration response error message: DEPRECATED_ENDPOINT
10월 16, 2024 09:13:51.649 Created TensorFlow Lite XNNPACK delegate for CPU.
10월 16, 2024 09:13:51.868 [11680:27112:1016/091351.868:ERROR:registration_request.cc(291)] Registration response error message: DEPRECATED_ENDPOINT
10월 16, 2024 09:14:15.527 [11680:27112:1016/091415.527:ERROR:registration_request.cc(291)] Registration response error message: DEPRECATED_ENDPOINT
10월 16, 2024 09:15:03.990 [11680:27112:1016/091503.990:ERROR:registration_request.cc(291)] Registration response error message: DEPRECATED_ENDPOINT
10월 16, 2024 09:15:25.406 Created TensorFlow Lite XNNPACK delegate for CPU.
10월 16, 2024 09:15:25.557 [14580:21480:1016/091525.557:ERROR:registration_request.cc(291)] Registration response error message: DEPRECATED_ENDPOINT
10월 16, 2024 09:15:48.583 [14580:21480:1016/091548.583:ERROR:registration_request.cc(291)] Registration response error message: DEPRECATED_ENDPOINT
10월 16, 2024 09:16:36.97 [14580:21480:1016/091636.097:ERROR:registration_request.cc(291)] Registration response error message: DEPRECATED_ENDPOINT
10월 16, 2024 09:18:15.552 [14580:21480:1016/091815.552:ERROR:registration_request.cc(291)] Registration response error message: DEPRECATED_ENDPOINT
10월 16, 2024 09:21:06.690 [14580:21480:1016/092106.690:ERROR:registration_request.cc(291)] Registration response error message: DEPRECATED_ENDPOINT
10월 16, 2024 09:27:48.461 [14580:21480:1016/092748.460:ERROR:registration_request.cc(291)] Registration response error message: DEPRECATED_ENDPOINT

10월 16, 2024 09:50:42.784 NEW SESSION
10월 16, 2024 09:50:42.784 Created TensorFlow Lite XNNPACK delegate for CPU.
10월 16, 2024 09:50:42.974 [7924:22824:1016/095042.974:ERROR:registration_request.cc(291)] Registration response error message: DEPRECATED_ENDPOINT
10월 16, 2024 09:50:59.108 Created TensorFlow Lite XNNPACK delegate for CPU.
10월 16, 2024 09:50:59.310 [20732:5032:1016/095059.309:ERROR:registration_request.cc(291)] Registration response error message: DEPRECATED_ENDPOINT
10월 16, 2024 09:51:22.552 [20732:5032:1016/095122.552:ERROR:registration_request.cc(291)] Registration response error message: DEPRECATED_ENDPOINT
10월 16, 2024 09:52:19.662 [20732:5032:1016/095219.661:ERROR:registration_request.cc(291)] Registration response error message: DEPRECATED_ENDPOINT
10월 16, 2024 09:57:12.483 Created TensorFlow Lite XNNPACK delegate for CPU.
10월 16, 2024 09:57:12.707 [1336:20556:1016/095712.706:ERROR:registration_request.cc(291)] Registration response error message: DEPRECATED_ENDPOINT
10월 16, 2024 09:57:39.559 [1336:20556:1016/095739.559:ERROR:registration_request.cc(291)] Registration response error message: DEPRECATED_ENDPOINT
10월 16, 2024 09:58:20.710 [1336:20556:1016/095820.710:ERROR:registration_request.cc(291)] Registration response error message: DEPRECATED_ENDPOINT
10월 16, 2024 10:00:17.504 [1336:20556:1016/100017.503:ERROR:registration_request.cc(291)] Registration response error message: DEPRECATED_ENDPOINT
10월 16, 2024 10:04:08.68 [1336:20556:1016/100408.067:ERROR:registration_request.cc(291)] Registration response error message: DEPRECATED_ENDPOINT
10월 16, 2024 10:18:21.243 Created TensorFlow Lite XNNPACK delegate for CPU.
10월 16, 2024 10:18:21.509 [20852:12396:1016/101821.509:ERROR:registration_request.cc(291)] Registration response error message: DEPRECATED_ENDPOINT
10월 16, 2024 10:19:05.174 Created TensorFlow Lite XNNPACK delegate for CPU.
10월 16, 2024 10:19:05.434 [27188:21840:1016/101905.433:ERROR:registration_request.cc(291)] Registration response error message: DEPRECATED_ENDPOINT
10월 16, 2024 10:19:29.831 [27188:21840:1016/101929.831:ERROR:registration_request.cc(291)] Registration response error message: DEPRECATED_ENDPOINT
10월 16, 2024 10:20:14.103 [27188:21840:1016/102014.103:ERROR:registration_request.cc(291)] Registration response error message: DEPRECATED_ENDPOINT
10월 16, 2024 10:21:45.263 [27188:21840:1016/102145.263:ERROR:registration_request.cc(291)] Registration response error message: DEPRECATED_ENDPOINT
10월 16, 2024 10:25:42.978 [27188:21840:1016/102542.977:ERROR:registration_request.cc(291)] Registration response error message: DEPRECATED_ENDPOINT
10월 16, 2024 10:33:29.197 [27188:21840:1016/103329.197:ERROR:registration_request.cc(291)] Registration response error message: DEPRECATED_ENDPOINT
10월 16, 2024 11:13:47.411 Created TensorFlow Lite XNNPACK delegate for CPU.
10월 16, 2024 11:13:47.553 [17948:12596:1016/111347.553:ERROR:registration_request.cc(291)] Registration response error message: DEPRECATED_ENDPOINT
10월 16, 2024 11:14:17.144 [17948:12596:1016/111417.144:ERROR:registration_request.cc(291)] Registration response error message: DEPRECATED_ENDPOINT
10월 16, 2024 11:15:04.973 [17948:12596:1016/111504.973:ERROR:registration_request.cc(291)] Registration response error message: DEPRECATED_ENDPOINT
10월 16, 2024 11:16:33.750 [17948:12596:1016/111633.749:ERROR:registration_request.cc(291)] Registration response error message: DEPRECATED_ENDPOINT
10월 16, 2024 11:20:12.47 Created TensorFlow Lite XNNPACK delegate for CPU.
10월 16, 2024 11:20:12.311 [29276:15128:1016/112012.311:ERROR:registration_request.cc(291)] Registration response error message: DEPRECATED_ENDPOINT
10월 16, 2024 11:20:41.789 [29276:15128:1016/112041.789:ERROR:registration_request.cc(291)] Registration response error message: DEPRECATED_ENDPOINT
10월 16, 2024 11:21:36.248 [29276:15128:1016/112136.248:ERROR:registration_request.cc(291)] Registration response error message: DEPRECATED_ENDPOINT
10월 16, 2024 11:23:35.815 [29276:15128:1016/112335.815:ERROR:registration_request.cc(291)] Registration response error message: DEPRECATED_ENDPOINT
10월 16, 2024 11:27:00.198 [29276:15128:1016/112700.198:ERROR:registration_request.cc(291)] Registration response error message: DEPRECATED_ENDPOINT
10월 16, 2024 11:32:38.842 [29276:15128:1016/113238.842:ERROR:registration_request.cc(291)] Registration response error message: DEPRECATED_ENDPOINT
10월 16, 2024 11:37:07.698 Created TensorFlow Lite XNNPACK delegate for CPU.
10월 16, 2024 11:37:07.911 [11380:29984:1016/113707.911:ERROR:registration_request.cc(291)] Registration response error message: DEPRECATED_ENDPOINT
10월 16, 2024 11:37:36.891 [11380:29984:1016/113736.890:ERROR:registration_request.cc(291)] Registration response error message: DEPRECATED_ENDPOINT
10월 16, 2024 11:38:23.480 [11380:29984:1016/113823.479:ERROR:registration_request.cc(291)] Registration response error message: DEPRECATED_ENDPOINT
10월 16, 2024 11:40:09.464 [11380:29984:1016/114009.464:ERROR:registration_request.cc(291)] Registration response error message: DEPRECATED_ENDPOINT
10월 16, 2024 11:42:11.983 Created TensorFlow Lite XNNPACK delegate for CPU.
10월 16, 2024 11:42:12.202 [6380:15740:1016/114212.202:ERROR:registration_request.cc(291)] Registration response error message: DEPRECATED_ENDPOINT
10월 16, 2024 11:42:33.849 [6380:15740:1016/114233.849:ERROR:registration_request.cc(291)] Registration response error message: DEPRECATED_ENDPOINT
10월 16, 2024 11:43:32.175 [6380:15740:1016/114332.175:ERROR:registration_request.cc(291)] Registration response error message: DEPRECATED_ENDPOINT
10월 16, 2024 11:44:56.451 [6380:15740:1016/114456.451:ERROR:registration_request.cc(291)] Registration response error message: DEPRECATED_ENDPOINT
10월 16, 2024 11:47:38.175 [6380:15740:1016/114738.175:ERROR:registration_request.cc(291)] Registration response error message: DEPRECATED_ENDPOINT
10월 16, 2024 11:55:32.471 [6380:15740:1016/115532.471:ERROR:registration_request.cc(291)] Registration response error message: DEPRECATED_ENDPOINT
10월 16, 2024 12:17:28.843 Created TensorFlow Lite XNNPACK delegate for CPU.
10월 16, 2024 12:17:29.127 [24448:21952:1016/121729.127:ERROR:registration_request.cc(291)] Registration response error message: DEPRECATED_ENDPOINT
10월 16, 2024 12:17:42.922 [24448:11480:1016/121742.922:ERROR:CONSOLE(1)] "Unknown VE context: language-mismatch", source: devtools://devtools/bundled/devtools-frontend/front_end/ui/visual_logging/visual_logging.js (1)
10월 16, 2024 12:17:43.452 [24448:11480:1016/121743.452:ERROR:CONSOLE(1)] "Unknown VE context: language-mismatch", source: devtools://devtools/bundled/devtools-frontend/front_end/ui/visual_logging/visual_logging.js (1)
10월 16, 2024 12:17:44.934 [24448:11480:1016/121744.934:ERROR:CONSOLE(1)] "Unknown VE context: language-mismatch", source: devtools://devtools/bundled/devtools-frontend/front_end/ui/visual_logging/visual_logging.js (1)
10월 16, 2024 12:17:45.765 [24448:11480:1016/121745.765:ERROR:CONSOLE(1)] "Unknown VE context: language-mismatch", source: devtools://devtools/bundled/devtools-frontend/front_end/ui/visual_logging/visual_logging.js (1)
10월 16, 2024 12:17:46.419 [24448:11480:1016/121746.418:ERROR:CONSOLE(1)] "Unknown VE context: language-mismatch", source: devtools://devtools/bundled/devtools-frontend/front_end/ui/visual_logging/visual_logging.js (1)
10월 16, 2024 12:17:50.647 [24448:21952:1016/121750.647:ERROR:registration_request.cc(291)] Registration response error message: DEPRECATED_ENDPOINT
10월 16, 2024 12:17:59.826 [24448:11480:1016/121759.826:ERROR:CONSOLE(1)] "Unknown VE context: language-mismatch", source: devtools://devtools/bundled/devtools-frontend/front_end/ui/visual_logging/visual_logging.js (1)
10월 16, 2024 12:18:00.338 [24448:11480:1016/121800.337:ERROR:CONSOLE(1)] "Unknown VE context: language-mismatch", source: devtools://devtools/bundled/devtools-frontend/front_end/ui/visual_logging/visual_logging.js (1)
10월 16, 2024 12:18:01.81 [24448:11480:1016/121801.081:ERROR:CONSOLE(1)] "Unknown VE context: language-mismatch", source: devtools://devtools/bundled/devtools-frontend/front_end/ui/visual_logging/visual_logging.js (1)
10월 16, 2024 12:18:41.593 [24448:21952:1016/121841.592:ERROR:registration_request.cc(291)] Registration response error message: DEPRECATED_ENDPOINT
10월 16, 2024 12:20:12.878 [24448:21952:1016/122012.878:ERROR:registration_request.cc(291)] Registration response error message: DEPRECATED_ENDPOINT
10월 16, 2024 12:21:21.461 Created TensorFlow Lite XNNPACK delegate for CPU.
10월 16, 2024 12:21:21.681 [15268:11700:1016/122121.680:ERROR:registration_request.cc(291)] Registration response error message: DEPRECATED_ENDPOINT
10월 16, 2024 12:21:47.982 [15268:11700:1016/122147.981:ERROR:registration_request.cc(291)] Registration response error message: DEPRECATED_ENDPOINT
10월 16, 2024 12:22:35.800 [15268:11700:1016/122235.799:ERROR:registration_request.cc(291)] Registration response error message: DEPRECATED_ENDPOINT
10월 16, 2024 12:24:25.255 [15268:11700:1016/122425.255:ERROR:registration_request.cc(291)] Registration response error message: DEPRECATED_ENDPOINT
10월 16, 2024 12:27:44.845 [15268:11700:1016/122744.845:ERROR:registration_request.cc(291)] Registration response error message: DEPRECATED_ENDPOINT
10월 16, 2024 12:33:27.105 [15268:11700:1016/123327.104:ERROR:registration_request.cc(291)] Registration response error message: DEPRECATED_ENDPOINT
10월 16, 2024 12:34:23.675 Created TensorFlow Lite XNNPACK delegate for CPU.
10월 16, 2024 12:34:23.879 [9952:29596:1016/123423.879:ERROR:registration_request.cc(291)] Registration response error message: DEPRECATED_ENDPOINT
10월 16, 2024 12:34:48.43 [9952:29596:1016/123448.043:ERROR:registration_request.cc(291)] Registration response error message: DEPRECATED_ENDPOINT
10월 16, 2024 12:41:39.541 Created TensorFlow Lite XNNPACK delegate for CPU.
10월 16, 2024 12:41:39.736 [23460:13620:1016/124139.736:ERROR:registration_request.cc(291)] Registration response error message: DEPRECATED_ENDPOINT
10월 16, 2024 12:42:00.721 [23460:13620:1016/124200.721:ERROR:registration_request.cc(291)] Registration response error message: DEPRECATED_ENDPOINT
10월 16, 2024 12:42:58.190 [23460:13620:1016/124258.189:ERROR:registration_request.cc(291)] Registration response error message: DEPRECATED_ENDPOINT
10월 16, 2024 12:44:54.875 [23460:13620:1016/124454.875:ERROR:registration_request.cc(291)] Registration response error message: DEPRECATED_ENDPOINT

10월 16, 2024 14:08:16.696 NEW SESSION
10월 16, 2024 14:08:16.696 Created TensorFlow Lite XNNPACK delegate for CPU.
10월 16, 2024 14:08:16.870 [296:24768:1016/140816.870:ERROR:registration_request.cc(291)] Registration response error message: DEPRECATED_ENDPOINT
10월 16, 2024 14:08:37.666 [296:24768:1016/140837.665:ERROR:connection_factory_impl.cc(434)] Failed to connect to MCS endpoint with error -118
10월 16, 2024 14:08:43.368 [296:24768:1016/140843.368:ERROR:registration_request.cc(291)] Registration response error message: DEPRECATED_ENDPOINT
10월 16, 2024 14:09:41.358 [296:24768:1016/140941.358:ERROR:registration_request.cc(291)] Registration response error message: DEPRECATED_ENDPOINT
10월 16, 2024 14:11:08.932 [296:24768:1016/141108.931:ERROR:registration_request.cc(291)] Registration response error message: DEPRECATED_ENDPOINT
10월 16, 2024 14:14:02.709 [296:24768:1016/141402.709:ERROR:registration_request.cc(291)] Registration response error message: DEPRECATED_ENDPOINT
10월 16, 2024 14:19:51.77 [296:24768:1016/141951.077:ERROR:registration_request.cc(291)] Registration response error message: DEPRECATED_ENDPOINT
10월 16, 2024 15:16:35.332 [296:12052:1016/151635.332:ERROR:interface_endpoint_client.cc(725)] Message 0 rejected by interface blink.mojom.WidgetHost

10월 16, 2024 17:22:09.763 NEW SESSION
10월 16, 2024 17:22:09.763 [24780:13152:1016/172209.761:ERROR:registration_request.cc(291)] Registration response error message: DEPRECATED_ENDPOINT
10월 16, 2024 17:22:10.637 Created TensorFlow Lite XNNPACK delegate for CPU.
10월 16, 2024 17:22:37.998 [24780:13152:1016/172237.998:ERROR:registration_request.cc(291)] Registration response error message: DEPRECATED_ENDPOINT
10월 16, 2024 17:23:34.313 [24780:13152:1016/172334.312:ERROR:registration_request.cc(291)] Registration response error message: DEPRECATED_ENDPOINT
10월 16, 2024 17:25:20.604 [24780:13152:1016/172520.603:ERROR:registration_request.cc(291)] Registration response error message: DEPRECATED_ENDPOINT

10월 17, 2024 08:34:46.876 NEW SESSION
10월 17, 2024 08:34:46.876 [24904:5712:1017/083446.875:ERROR:registration_request.cc(291)] Registration response error message: DEPRECATED_ENDPOINT
10월 17, 2024 08:34:46.914 Created TensorFlow Lite XNNPACK delegate for CPU.
10월 17, 2024 08:37:48.345 Created TensorFlow Lite XNNPACK delegate for CPU.
10월 17, 2024 08:37:48.591 [10732:2108:1017/083748.591:ERROR:registration_request.cc(291)] Registration response error message: DEPRECATED_ENDPOINT
10월 17, 2024 08:38:17.763 [10732:2108:1017/083817.763:ERROR:registration_request.cc(291)] Registration response error message: DEPRECATED_ENDPOINT
10월 17, 2024 08:39:10.818 [10732:2108:1017/083910.817:ERROR:registration_request.cc(291)] Registration response error message: DEPRECATED_ENDPOINT
10월 17, 2024 08:40:32.715 [10732:2108:1017/084032.715:ERROR:registration_request.cc(291)] Registration response error message: DEPRECATED_ENDPOINT
10월 17, 2024 08:43:38.36 [10732:2108:1017/084338.036:ERROR:registration_request.cc(291)] Registration response error message: DEPRECATED_ENDPOINT
10월 17, 2024 08:49:56.857 [10732:2108:1017/084956.857:ERROR:registration_request.cc(291)] Registration response error message: DEPRECATED_ENDPOINT
10월 17, 2024 09:13:02.908 Created TensorFlow Lite XNNPACK delegate for CPU.
10월 17, 2024 09:13:03.113 [29968:30580:1017/091303.113:ERROR:registration_request.cc(291)] Registration response error message: DEPRECATED_ENDPOINT
10월 17, 2024 09:13:24.643 [29968:30580:1017/091324.642:ERROR:registration_request.cc(291)] Registration response error message: DEPRECATED_ENDPOINT
10월 17, 2024 09:14:18.952 [29968:30580:1017/091418.951:ERROR:registration_request.cc(291)] Registration response error message: DEPRECATED_ENDPOINT
10월 17, 2024 09:16:07.458 [29968:30580:1017/091607.458:ERROR:registration_request.cc(291)] Registration response error message: DEPRECATED_ENDPOINT
10월 17, 2024 09:19:04.854 [29968:30580:1017/091904.854:ERROR:registration_request.cc(291)] Registration response error message: DEPRECATED_ENDPOINT
10월 17, 2024 09:26:47.918 [29968:30580:1017/092647.918:ERROR:registration_request.cc(291)] Registration response error message: DEPRECATED_ENDPOINT
10월 17, 2024 09:46:19.136 Created TensorFlow Lite XNNPACK delegate for CPU.
10월 17, 2024 09:46:19.395 [9936:24256:1017/094619.395:ERROR:registration_request.cc(291)] Registration response error message: DEPRECATED_ENDPOINT
10월 17, 2024 09:46:47.956 [9936:24256:1017/094647.955:ERROR:registration_request.cc(291)] Registration response error message: DEPRECATED_ENDPOINT
10월 17, 2024 09:47:33.919 [9936:24256:1017/094733.919:ERROR:registration_request.cc(291)] Registration response error message: DEPRECATED_ENDPOINT
10월 17, 2024 09:49:23.477 [9936:24256:1017/094923.477:ERROR:registration_request.cc(291)] Registration response error message: DEPRECATED_ENDPOINT
10월 17, 2024 09:52:05.330 [9936:24256:1017/095205.329:ERROR:registration_request.cc(291)] Registration response error message: DEPRECATED_ENDPOINT
10월 17, 2024 09:59:19.78 [9936:24256:1017/095919.077:ERROR:registration_request.cc(291)] Registration response error message: DEPRECATED_ENDPOINT
10월 17, 2024 10:03:25.761 Created TensorFlow Lite XNNPACK delegate for CPU.
10월 17, 2024 10:03:25.916 [30456:19252:1017/100325.916:ERROR:registration_request.cc(291)] Registration response error message: DEPRECATED_ENDPOINT
10월 17, 2024 10:03:51.734 [30456:19252:1017/100351.733:ERROR:registration_request.cc(291)] Registration response error message: DEPRECATED_ENDPOINT
10월 17, 2024 10:04:47.601 [30456:19252:1017/100447.597:ERROR:registration_request.cc(291)] Registration response error message: DEPRECATED_ENDPOINT
10월 17, 2024 10:04:58.543 Created TensorFlow Lite XNNPACK delegate for CPU.
10월 17, 2024 10:04:58.742 [21112:5540:1017/100458.742:ERROR:registration_request.cc(291)] Registration response error message: DEPRECATED_ENDPOINT
10월 17, 2024 10:05:23.382 [21112:5540:1017/100523.381:ERROR:registration_request.cc(291)] Registration response error message: DEPRECATED_ENDPOINT
10월 17, 2024 10:05:39.539 Created TensorFlow Lite XNNPACK delegate for CPU.
10월 17, 2024 10:05:39.755 [15396:26092:1017/100539.755:ERROR:registration_request.cc(291)] Registration response error message: DEPRECATED_ENDPOINT
10월 17, 2024 10:05:54.994 Created TensorFlow Lite XNNPACK delegate for CPU.
10월 17, 2024 10:05:55.240 [18732:13856:1017/100555.240:ERROR:registration_request.cc(291)] Registration response error message: DEPRECATED_ENDPOINT
10월 17, 2024 10:06:24.424 [18732:13856:1017/100624.424:ERROR:registration_request.cc(291)] Registration response error message: DEPRECATED_ENDPOINT
10월 17, 2024 10:06:36.789 Created TensorFlow Lite XNNPACK delegate for CPU.
10월 17, 2024 10:06:37.24 [14676:24572:1017/100637.024:ERROR:registration_request.cc(291)] Registration response error message: DEPRECATED_ENDPOINT
10월 17, 2024 10:07:03.26 [14676:24572:1017/100703.026:ERROR:registration_request.cc(291)] Registration response error message: DEPRECATED_ENDPOINT
10월 17, 2024 10:07:47.589 [14676:24572:1017/100747.589:ERROR:registration_request.cc(291)] Registration response error message: DEPRECATED_ENDPOINT
10월 17, 2024 10:09:13.177 [14676:24572:1017/100913.177:ERROR:registration_request.cc(291)] Registration response error message: DEPRECATED_ENDPOINT
10월 17, 2024 10:12:23.703 [14676:24572:1017/101223.703:ERROR:registration_request.cc(291)] Registration response error message: DEPRECATED_ENDPOINT
10월 17, 2024 10:14:09.762 Created TensorFlow Lite XNNPACK delegate for CPU.
10월 17, 2024 10:14:10.77 [17616:30416:1017/101410.077:ERROR:registration_request.cc(291)] Registration response error message: DEPRECATED_ENDPOINT
10월 17, 2024 10:14:30.897 [17616:30416:1017/101430.897:ERROR:registration_request.cc(291)] Registration response error message: DEPRECATED_ENDPOINT
10월 17, 2024 10:15:27.156 [17616:30416:1017/101527.156:ERROR:registration_request.cc(291)] Registration response error message: DEPRECATED_ENDPOINT
10월 17, 2024 10:16:49.675 [17616:30416:1017/101649.675:ERROR:registration_request.cc(291)] Registration response error message: DEPRECATED_ENDPOINT
10월 17, 2024 10:19:33.503 [17616:30416:1017/101933.502:ERROR:registration_request.cc(291)] Registration response error message: DEPRECATED_ENDPOINT
10월 17, 2024 10:25:47.380 [17616:30416:1017/102547.379:ERROR:registration_request.cc(291)] Registration response error message: DEPRECATED_ENDPOINT
10월 17, 2024 10:35:32.527 Created TensorFlow Lite XNNPACK delegate for CPU.
10월 17, 2024 10:35:32.672 [17024:17576:1017/103532.672:ERROR:registration_request.cc(291)] Registration response error message: DEPRECATED_ENDPOINT
10월 17, 2024 10:36:00.558 [17024:17576:1017/103600.557:ERROR:registration_request.cc(291)] Registration response error message: DEPRECATED_ENDPOINT
10월 17, 2024 10:36:42.154 [17024:17576:1017/103642.154:ERROR:registration_request.cc(291)] Registration response error message: DEPRECATED_ENDPOINT
10월 17, 2024 10:38:31.589 [17024:17576:1017/103831.589:ERROR:registration_request.cc(291)] Registration response error message: DEPRECATED_ENDPOINT
10월 17, 2024 10:42:03.123 [17024:17576:1017/104203.122:ERROR:registration_request.cc(291)] Registration response error message: DEPRECATED_ENDPOINT
10월 17, 2024 10:49:59.505 [17024:17576:1017/104959.504:ERROR:registration_request.cc(291)] Registration response error message: DEPRECATED_ENDPOINT
10월 17, 2024 11:13:16.597 [17024:26784:1017/111316.597:ERROR:interface_endpoint_client.cc(725)] Message 0 rejected by interface blink.mojom.WidgetHost
10월 17, 2024 11:27:09.80 Created TensorFlow Lite XNNPACK delegate for CPU.
10월 17, 2024 11:27:09.280 [11160:15228:1017/112709.280:ERROR:registration_request.cc(291)] Registration response error message: DEPRECATED_ENDPOINT
10월 17, 2024 11:27:34.566 [11160:15228:1017/112734.566:ERROR:registration_request.cc(291)] Registration response error message: DEPRECATED_ENDPOINT
10월 17, 2024 11:28:17.38 [11160:15228:1017/112817.038:ERROR:registration_request.cc(291)] Registration response error message: DEPRECATED_ENDPOINT
10월 17, 2024 11:29:41.542 [11160:15228:1017/112941.542:ERROR:registration_request.cc(291)] Registration response error message: DEPRECATED_ENDPOINT
10월 17, 2024 11:33:28.38 [11160:15228:1017/113328.037:ERROR:registration_request.cc(291)] Registration response error message: DEPRECATED_ENDPOINT
10월 17, 2024 11:39:25.129 [11160:15228:1017/113925.129:ERROR:registration_request.cc(291)] Registration response error message: DEPRECATED_ENDPOINT

10월 17, 2024 11:55:59.889 NEW SESSION
10월 17, 2024 11:55:59.889 Created TensorFlow Lite XNNPACK delegate for CPU.
10월 17, 2024 11:56:00.100 [10644:6428:1017/115600.100:ERROR:registration_request.cc(291)] Registration response error message: DEPRECATED_ENDPOINT
10월 17, 2024 11:56:21.375 [10644:6428:1017/115621.374:ERROR:registration_request.cc(291)] Registration response error message: DEPRECATED_ENDPOINT
10월 17, 2024 11:57:11.188 [10644:6428:1017/115711.187:ERROR:registration_request.cc(291)] Registration response error message: DEPRECATED_ENDPOINT
10월 17, 2024 11:58:43.647 Created TensorFlow Lite XNNPACK delegate for CPU.
10월 17, 2024 11:58:43.811 [22520:5608:1017/115843.811:ERROR:registration_request.cc(291)] Registration response error message: DEPRECATED_ENDPOINT
10월 17, 2024 11:59:57.428 Created TensorFlow Lite XNNPACK delegate for CPU.
10월 17, 2024 11:59:57.633 [13032:16536:1017/115957.633:ERROR:registration_request.cc(291)] Registration response error message: DEPRECATED_ENDPOINT
10월 17, 2024 12:00:26.381 [13032:16536:1017/120026.380:ERROR:registration_request.cc(291)] Registration response error message: DEPRECATED_ENDPOINT
10월 17, 2024 12:03:48.810 Created TensorFlow Lite XNNPACK delegate for CPU.
10월 17, 2024 12:03:48.998 [468:26532:1017/120348.998:ERROR:registration_request.cc(291)] Registration response error message: DEPRECATED_ENDPOINT
10월 17, 2024 12:04:14.563 Created TensorFlow Lite XNNPACK delegate for CPU.
10월 17, 2024 12:04:14.786 [27848:14864:1017/120414.786:ERROR:registration_request.cc(291)] Registration response error message: DEPRECATED_ENDPOINT
10월 17, 2024 12:04:24.258 [27848:28372:1017/120424.258:ERROR:get_updates_processor.cc(265)] PostClientToServerMessage() failed during GetUpdates with error Network error (ERR_ABORTED)
10월 17, 2024 12:04:58.357 Created TensorFlow Lite XNNPACK delegate for CPU.
10월 17, 2024 12:04:58.547 [27860:13856:1017/120458.547:ERROR:registration_request.cc(291)] Registration response error message: DEPRECATED_ENDPOINT
10월 17, 2024 12:14:28.654 Created TensorFlow Lite XNNPACK delegate for CPU.
10월 17, 2024 12:14:28.872 [16688:14352:1017/121428.872:ERROR:registration_request.cc(291)] Registration response error message: DEPRECATED_ENDPOINT
10월 17, 2024 12:16:22.894 Created TensorFlow Lite XNNPACK delegate for CPU.
10월 17, 2024 12:16:23.85 [14224:28280:1017/121623.085:ERROR:registration_request.cc(291)] Registration response error message: DEPRECATED_ENDPOINT
10월 17, 2024 12:16:48.222 [14224:28280:1017/121648.221:ERROR:registration_request.cc(291)] Registration response error message: DEPRECATED_ENDPOINT
10월 17, 2024 12:17:44.723 [14224:28280:1017/121744.723:ERROR:registration_request.cc(291)] Registration response error message: DEPRECATED_ENDPOINT

10월 17, 2024 12:20:06.223 NEW SESSION
10월 17, 2024 12:20:06.223 Created TensorFlow Lite XNNPACK delegate for CPU.
10월 17, 2024 12:20:06.435 [18856:29116:1017/122006.435:ERROR:registration_request.cc(291)] Registration response error message: DEPRECATED_ENDPOINT
10월 17, 2024 12:20:27.197 [18856:29116:1017/122027.196:ERROR:connection_factory_impl.cc(434)] Failed to connect to MCS endpoint with error -118
10월 17, 2024 12:20:30.578 [18856:29116:1017/122030.577:ERROR:registration_request.cc(291)] Registration response error message: DEPRECATED_ENDPOINT
10월 17, 2024 12:21:24.871 [18856:29116:1017/122124.870:ERROR:registration_request.cc(291)] Registration response error message: DEPRECATED_ENDPOINT
10월 17, 2024 12:22:47.710 [18856:29116:1017/122247.710:ERROR:registration_request.cc(291)] Registration response error message: DEPRECATED_ENDPOINT
10월 17, 2024 12:23:20.253 Created TensorFlow Lite XNNPACK delegate for CPU.
10월 17, 2024 12:23:20.493 [21556:23700:1017/122320.492:ERROR:registration_request.cc(291)] Registration response error message: DEPRECATED_ENDPOINT
10월 17, 2024 12:23:45.322 [21556:23700:1017/122345.321:ERROR:registration_request.cc(291)] Registration response error message: DEPRECATED_ENDPOINT
10월 17, 2024 12:24:33.133 [21556:23700:1017/122433.133:ERROR:registration_request.cc(291)] Registration response error message: DEPRECATED_ENDPOINT
10월 17, 2024 12:25:54.737 [21556:23700:1017/122554.736:ERROR:registration_request.cc(291)] Registration response error message: DEPRECATED_ENDPOINT
10월 17, 2024 12:28:35.399 Created TensorFlow Lite XNNPACK delegate for CPU.
10월 17, 2024 12:28:35.650 [12508:23964:1017/122835.650:ERROR:registration_request.cc(291)] Registration response error message: DEPRECATED_ENDPOINT
10월 17, 2024 12:28:47.623 Created TensorFlow Lite XNNPACK delegate for CPU.
10월 17, 2024 12:30:48.992 Created TensorFlow Lite XNNPACK delegate for CPU.
10월 17, 2024 12:30:49.210 [2072:23144:1017/123049.210:ERROR:registration_request.cc(291)] Registration response error message: DEPRECATED_ENDPOINT
10월 17, 2024 12:31:58.674 Created TensorFlow Lite XNNPACK delegate for CPU.
10월 17, 2024 12:31:58.920 [13812:18020:1017/123158.920:ERROR:registration_request.cc(291)] Registration response error message: DEPRECATED_ENDPOINT
10월 17, 2024 14:06:32.376 Created TensorFlow Lite XNNPACK delegate for CPU.
10월 17, 2024 14:06:32.597 [8124:24376:1017/140632.597:ERROR:registration_request.cc(291)] Registration response error message: DEPRECATED_ENDPOINT
10월 17, 2024 14:06:57.718 [8124:24376:1017/140657.718:ERROR:registration_request.cc(291)] Registration response error message: DEPRECATED_ENDPOINT
10월 17, 2024 14:07:45.168 [8124:24376:1017/140745.167:ERROR:registration_request.cc(291)] Registration response error message: DEPRECATED_ENDPOINT
10월 17, 2024 14:09:27.27 [8124:24376:1017/140927.027:ERROR:registration_request.cc(291)] Registration response error message: DEPRECATED_ENDPOINT
10월 17, 2024 14:12:33.263 [8124:24376:1017/141233.262:ERROR:registration_request.cc(291)] Registration response error message: DEPRECATED_ENDPOINT
10월 17, 2024 14:19:16.303 [8124:24376:1017/141916.302:ERROR:registration_request.cc(291)] Registration response error message: DEPRECATED_ENDPOINT

10월 17, 2024 14:45:04.994 NEW SESSION
10월 17, 2024 14:45:04.994 Created TensorFlow Lite XNNPACK delegate for CPU.
10월 17, 2024 14:45:05.245 [25916:15504:1017/144505.244:ERROR:registration_request.cc(291)] Registration response error message: DEPRECATED_ENDPOINT
10월 17, 2024 14:45:35.318 [25916:15504:1017/144535.318:ERROR:registration_request.cc(291)] Registration response error message: DEPRECATED_ENDPOINT
10월 17, 2024 14:46:22.165 [25916:15504:1017/144622.165:ERROR:registration_request.cc(291)] Registration response error message: DEPRECATED_ENDPOINT
10월 17, 2024 14:48:20.187 [25916:15504:1017/144820.187:ERROR:registration_request.cc(291)] Registration response error message: DEPRECATED_ENDPOINT
10월 17, 2024 14:51:18.272 [25916:15504:1017/145118.271:ERROR:registration_request.cc(291)] Registration response error message: DEPRECATED_ENDPOINT
10월 17, 2024 14:58:18.482 [25916:15504:1017/145818.480:ERROR:registration_request.cc(291)] Registration response error message: DEPRECATED_ENDPOINT
10월 17, 2024 15:25:22.677 Created TensorFlow Lite XNNPACK delegate for CPU.
10월 17, 2024 15:25:22.870 [17260:21104:1017/152522.870:ERROR:registration_request.cc(291)] Registration response error message: DEPRECATED_ENDPOINT
10월 17, 2024 15:33:16.913 Created TensorFlow Lite XNNPACK delegate for CPU.
10월 17, 2024 15:33:17.85 [17344:11768:1017/153317.085:ERROR:registration_request.cc(291)] Registration response error message: DEPRECATED_ENDPOINT
10월 17, 2024 15:33:45.310 [17344:11768:1017/153345.310:ERROR:registration_request.cc(291)] Registration response error message: DEPRECATED_ENDPOINT
10월 17, 2024 15:34:42.695 [17344:11768:1017/153442.695:ERROR:registration_request.cc(291)] Registration response error message: DEPRECATED_ENDPOINT
10월 17, 2024 15:36:09.999 [17344:11768:1017/153609.999:ERROR:registration_request.cc(291)] Registration response error message: DEPRECATED_ENDPOINT
10월 17, 2024 15:39:31.655 [17344:11768:1017/153931.655:ERROR:registration_request.cc(291)] Registration response error message: DEPRECATED_ENDPOINT
10월 17, 2024 15:40:51.280 [17344:28968:1017/154051.279:ERROR:CONSOLE(1)] "Unknown VE context: language-mismatch", source: devtools://devtools/bundled/devtools-frontend/front_end/ui/visual_logging/visual_logging.js (1)
10월 17, 2024 15:40:51.797 [17344:28968:1017/154051.796:ERROR:CONSOLE(1)] "Unknown VE context: language-mismatch", source: devtools://devtools/bundled/devtools-frontend/front_end/ui/visual_logging/visual_logging.js (1)
10월 17, 2024 15:40:53.96 [17344:28968:1017/154053.096:ERROR:CONSOLE(1)] "Unknown VE context: language-mismatch", source: devtools://devtools/bundled/devtools-frontend/front_end/ui/visual_logging/visual_logging.js (1)
10월 17, 2024 15:40:53.644 [17344:28968:1017/154053.643:ERROR:CONSOLE(1)] "Unknown VE context: language-mismatch", source: devtools://devtools/bundled/devtools-frontend/front_end/ui/visual_logging/visual_logging.js (1)
10월 17, 2024 15:40:54.361 [17344:28968:1017/154054.361:ERROR:CONSOLE(1)] "Unknown VE context: language-mismatch", source: devtools://devtools/bundled/devtools-frontend/front_end/ui/visual_logging/visual_logging.js (1)
10월 17, 2024 15:40:54.914 [17344:28968:1017/154054.913:ERROR:CONSOLE(1)] "Unknown VE context: language-mismatch", source: devtools://devtools/bundled/devtools-frontend/front_end/ui/visual_logging/visual_logging.js (1)
10월 17, 2024 15:40:56.94 [17344:28968:1017/154056.094:ERROR:CONSOLE(1)] "Unknown VE context: language-mismatch", source: devtools://devtools/bundled/devtools-frontend/front_end/ui/visual_logging/visual_logging.js (1)
10월 17, 2024 15:40:56.731 [17344:28968:1017/154056.730:ERROR:CONSOLE(1)] "Unknown VE context: language-mismatch", source: devtools://devtools/bundled/devtools-frontend/front_end/ui/visual_logging/visual_logging.js (1)
10월 17, 2024 15:40:59.477 [17344:28968:1017/154059.477:ERROR:CONSOLE(1)] "Unknown VE context: language-mismatch", source: devtools://devtools/bundled/devtools-frontend/front_end/ui/visual_logging/visual_logging.js (1)
10월 17, 2024 15:45:31.530 [17344:11768:1017/154531.530:ERROR:registration_request.cc(291)] Registration response error message: DEPRECATED_ENDPOINT
10월 17, 2024 15:47:15.901 [17344:28968:1017/154715.901:ERROR:CONSOLE(1)] "Unknown VE context: language-mismatch", source: devtools://devtools/bundled/devtools-frontend/front_end/ui/visual_logging/visual_logging.js (1)
10월 17, 2024 15:50:16.754 [17344:28968:1017/155016.754:ERROR:CONSOLE(1)] "Unknown VE context: language-mismatch", source: devtools://devtools/bundled/devtools-frontend/front_end/ui/visual_logging/visual_logging.js (1)
10월 17, 2024 15:50:17.265 [17344:28968:1017/155017.265:ERROR:CONSOLE(1)] "Unknown VE context: language-mismatch", source: devtools://devtools/bundled/devtools-frontend/front_end/ui/visual_logging/visual_logging.js (1)
10월 17, 2024 15:50:17.842 [17344:28968:1017/155017.841:ERROR:CONSOLE(1)] "Unknown VE context: language-mismatch", source: devtools://devtools/bundled/devtools-frontend/front_end/ui/visual_logging/visual_logging.js (1)
10월 17, 2024 15:50:18.763 [17344:28968:1017/155018.763:ERROR:CONSOLE(1)] "Unknown VE context: language-mismatch", source: devtools://devtools/bundled/devtools-frontend/front_end/ui/visual_logging/visual_logging.js (1)
10월 17, 2024 15:50:22.148 [17344:28968:1017/155022.148:ERROR:CONSOLE(1)] "Unknown VE context: language-mismatch", source: devtools://devtools/bundled/devtools-frontend/front_end/ui/visual_logging/visual_logging.js (1)
10월 17, 2024 15:50:23.255 [17344:28968:1017/155023.253:ERROR:CONSOLE(1)] "Unknown VE context: language-mismatch", source: devtools://devtools/bundled/devtools-frontend/front_end/ui/visual_logging/visual_logging.js (1)
10월 17, 2024 15:50:23.863 [17344:28968:1017/155023.863:ERROR:CONSOLE(1)] "Unknown VE context: language-mismatch", source: devtools://devtools/bundled/devtools-frontend/front_end/ui/visual_logging/visual_logging.js (1)
10월 17, 2024 15:50:25.907 [17344:28968:1017/155025.906:ERROR:CONSOLE(1)] "Unknown VE context: language-mismatch", source: devtools://devtools/bundled/devtools-frontend/front_end/ui/visual_logging/visual_logging.js (1)
10월 17, 2024 15:50:26.515 [17344:28968:1017/155026.514:ERROR:CONSOLE(1)] "Unknown VE context: language-mismatch", source: devtools://devtools/bundled/devtools-frontend/front_end/ui/visual_logging/visual_logging.js (1)
10월 17, 2024 15:50:34.862 [17344:28968:1017/155034.862:ERROR:CONSOLE(1)] "Unknown VE context: language-mismatch", source: devtools://devtools/bundled/devtools-frontend/front_end/ui/visual_logging/visual_logging.js (1)
10월 17, 2024 15:50:35.678 [17344:28968:1017/155035.677:ERROR:CONSOLE(1)] "Unknown VE context: language-mismatch", source: devtools://devtools/bundled/devtools-frontend/front_end/ui/visual_logging/visual_logging.js (1)
10월 17, 2024 15:50:36.363 [17344:28968:1017/155036.363:ERROR:CONSOLE(1)] "Unknown VE context: language-mismatch", source: devtools://devtools/bundled/devtools-frontend/front_end/ui/visual_logging/visual_logging.js (1)
10월 17, 2024 15:50:36.961 [17344:28968:1017/155036.961:ERROR:CONSOLE(1)] "Unknown VE context: language-mismatch", source: devtools://devtools/bundled/devtools-frontend/front_end/ui/visual_logging/visual_logging.js (1)
10월 17, 2024 15:50:37.480 [17344:28968:1017/155037.479:ERROR:CONSOLE(1)] "Unknown VE context: language-mismatch", source: devtools://devtools/bundled/devtools-frontend/front_end/ui/visual_logging/visual_logging.js (1)
10월 17, 2024 15:50:38.495 [17344:28968:1017/155038.495:ERROR:CONSOLE(1)] "Unknown VE context: language-mismatch", source: devtools://devtools/bundled/devtools-frontend/front_end/ui/visual_logging/visual_logging.js (1)
10월 17, 2024 15:50:39.98 [17344:28968:1017/155039.097:ERROR:CONSOLE(1)] "Unknown VE context: language-mismatch", source: devtools://devtools/bundled/devtools-frontend/front_end/ui/visual_logging/visual_logging.js (1)
10월 17, 2024 15:50:39.647 [17344:28968:1017/155039.646:ERROR:CONSOLE(1)] "Unknown VE context: language-mismatch", source: devtools://devtools/bundled/devtools-frontend/front_end/ui/visual_logging/visual_logging.js (1)
10월 17, 2024 15:50:41.64 [17344:28968:1017/155041.064:ERROR:CONSOLE(1)] "Unknown VE context: language-mismatch", source: devtools://devtools/bundled/devtools-frontend/front_end/ui/visual_logging/visual_logging.js (1)
10월 17, 2024 15:50:41.728 [17344:28968:1017/155041.728:ERROR:CONSOLE(1)] "Unknown VE context: language-mismatch", source: devtools://devtools/bundled/devtools-frontend/front_end/ui/visual_logging/visual_logging.js (1)
10월 17, 2024 15:50:42.341 [17344:28968:1017/155042.341:ERROR:CONSOLE(1)] "Unknown VE context: language-mismatch", source: devtools://devtools/bundled/devtools-frontend/front_end/ui/visual_logging/visual_logging.js (1)
10월 17, 2024 15:50:43.13 [17344:28968:1017/155043.013:ERROR:CONSOLE(1)] "Unknown VE context: language-mismatch", source: devtools://devtools/bundled/devtools-frontend/front_end/ui/visual_logging/visual_logging.js (1)
10월 17, 2024 15:50:43.868 [17344:28968:1017/155043.867:ERROR:CONSOLE(1)] "Unknown VE context: language-mismatch", source: devtools://devtools/bundled/devtools-frontend/front_end/ui/visual_logging/visual_logging.js (1)
10월 17, 2024 15:50:44.641 [17344:28968:1017/155044.640:ERROR:CONSOLE(1)] "Unknown VE context: language-mismatch", source: devtools://devtools/bundled/devtools-frontend/front_end/ui/visual_logging/visual_logging.js (1)
10월 17, 2024 15:50:47.979 [17344:28968:1017/155047.979:ERROR:CONSOLE(1)] "Unknown VE context: language-mismatch", source: devtools://devtools/bundled/devtools-frontend/front_end/ui/visual_logging/visual_logging.js (1)
10월 17, 2024 15:50:48.615 [17344:28968:1017/155048.614:ERROR:CONSOLE(1)] "Unknown VE context: language-mismatch", source: devtools://devtools/bundled/devtools-frontend/front_end/ui/visual_logging/visual_logging.js (1)
10월 17, 2024 15:50:49.314 [17344:28968:1017/155049.313:ERROR:CONSOLE(1)] "Unknown VE context: language-mismatch", source: devtools://devtools/bundled/devtools-frontend/front_end/ui/visual_logging/visual_logging.js (1)
10월 17, 2024 15:50:49.819 [17344:28968:1017/155049.819:ERROR:CONSOLE(1)] "Unknown VE context: language-mismatch", source: devtools://devtools/bundled/devtools-frontend/front_end/ui/visual_logging/visual_logging.js (1)
10월 17, 2024 15:50:50.364 [17344:28968:1017/155050.363:ERROR:CONSOLE(1)] "Unknown VE context: language-mismatch", source: devtools://devtools/bundled/devtools-frontend/front_end/ui/visual_logging/visual_logging.js (1)
10월 17, 2024 15:50:51.461 [17344:28968:1017/155051.461:ERROR:CONSOLE(1)] "Unknown VE context: language-mismatch", source: devtools://devtools/bundled/devtools-frontend/front_end/ui/visual_logging/visual_logging.js (1)
10월 17, 2024 15:50:52.233 [17344:28968:1017/155052.233:ERROR:CONSOLE(1)] "Unknown VE context: language-mismatch", source: devtools://devtools/bundled/devtools-frontend/front_end/ui/visual_logging/visual_logging.js (1)
10월 17, 2024 15:50:52.777 [17344:28968:1017/155052.776:ERROR:CONSOLE(1)] "Unknown VE context: language-mismatch", source: devtools://devtools/bundled/devtools-frontend/front_end/ui/visual_logging/visual_logging.js (1)
10월 17, 2024 15:50:53.484 [17344:28968:1017/155053.484:ERROR:CONSOLE(1)] "Unknown VE context: language-mismatch", source: devtools://devtools/bundled/devtools-frontend/front_end/ui/visual_logging/visual_logging.js (1)
10월 17, 2024 15:50:54.147 [17344:28968:1017/155054.146:ERROR:CONSOLE(1)] "Unknown VE context: language-mismatch", source: devtools://devtools/bundled/devtools-frontend/front_end/ui/visual_logging/visual_logging.js (1)
10월 17, 2024 15:50:55.26 [17344:28968:1017/155055.025:ERROR:CONSOLE(1)] "Unknown VE context: language-mismatch", source: devtools://devtools/bundled/devtools-frontend/front_end/ui/visual_logging/visual_logging.js (1)
10월 17, 2024 15:50:55.612 [17344:28968:1017/155055.612:ERROR:CONSOLE(1)] "Unknown VE context: language-mismatch", source: devtools://devtools/bundled/devtools-frontend/front_end/ui/visual_logging/visual_logging.js (1)
10월 17, 2024 15:50:56.513 [17344:28968:1017/155056.513:ERROR:CONSOLE(1)] "Unknown VE context: language-mismatch", source: devtools://devtools/bundled/devtools-frontend/front_end/ui/visual_logging/visual_logging.js (1)
10월 17, 2024 15:50:57.677 [17344:28968:1017/155057.676:ERROR:CONSOLE(1)] "Unknown VE context: language-mismatch", source: devtools://devtools/bundled/devtools-frontend/front_end/ui/visual_logging/visual_logging.js (1)
10월 17, 2024 15:50:59.79 [17344:28968:1017/155059.079:ERROR:CONSOLE(1)] "Unknown VE context: language-mismatch", source: devtools://devtools/bundled/devtools-frontend/front_end/ui/visual_logging/visual_logging.js (1)
10월 17, 2024 15:51:02.831 [17344:28968:1017/155102.831:ERROR:CONSOLE(1)] "Unknown VE context: language-mismatch", source: devtools://devtools/bundled/devtools-frontend/front_end/ui/visual_logging/visual_logging.js (1)
10월 17, 2024 16:02:32.247 [17344:28968:1017/160232.246:ERROR:CONSOLE(1)] "Unknown VE context: language-mismatch", source: devtools://devtools/bundled/devtools-frontend/front_end/ui/visual_logging/visual_logging.js (1)
10월 17, 2024 16:02:32.769 [17344:28968:1017/160232.769:ERROR:CONSOLE(1)] "Unknown VE context: language-mismatch", source: devtools://devtools/bundled/devtools-frontend/front_end/ui/visual_logging/visual_logging.js (1)
10월 17, 2024 16:04:32.965 [17344:28968:1017/160432.965:ERROR:CONSOLE(1)] "Unknown VE context: language-mismatch", source: devtools://devtools/bundled/devtools-frontend/front_end/ui/visual_logging/visual_logging.js (1)
10월 17, 2024 16:04:33.477 [17344:28968:1017/160433.476:ERROR:CONSOLE(1)] "Unknown VE context: language-mismatch", source: devtools://devtools/bundled/devtools-frontend/front_end/ui/visual_logging/visual_logging.js (1)
10월 17, 2024 16:17:41.879 Created TensorFlow Lite XNNPACK delegate for CPU.
10월 17, 2024 16:17:42.64 [12880:16548:1017/161742.064:ERROR:registration_request.cc(291)] Registration response error message: DEPRECATED_ENDPOINT
10월 17, 2024 16:18:07.822 [12880:16548:1017/161807.822:ERROR:registration_request.cc(291)] Registration response error message: DEPRECATED_ENDPOINT
10월 17, 2024 16:18:51.500 [12880:16548:1017/161851.499:ERROR:registration_request.cc(291)] Registration response error message: DEPRECATED_ENDPOINT
10월 17, 2024 16:20:44.499 [12880:16548:1017/162044.499:ERROR:registration_request.cc(291)] Registration response error message: DEPRECATED_ENDPOINT
10월 17, 2024 16:24:12.549 [12880:16548:1017/162412.549:ERROR:registration_request.cc(291)] Registration response error message: DEPRECATED_ENDPOINT
10월 17, 2024 16:32:03.476 [12880:16548:1017/163203.476:ERROR:registration_request.cc(291)] Registration response error message: DEPRECATED_ENDPOINT
10월 17, 2024 16:44:22.356 Created TensorFlow Lite XNNPACK delegate for CPU.
10월 17, 2024 16:44:22.596 [9868:25880:1017/164422.596:ERROR:registration_request.cc(291)] Registration response error message: DEPRECATED_ENDPOINT
10월 17, 2024 16:44:44.749 [9868:25880:1017/164444.749:ERROR:registration_request.cc(291)] Registration response error message: DEPRECATED_ENDPOINT
10월 17, 2024 16:45:39.738 [9868:25880:1017/164539.737:ERROR:registration_request.cc(291)] Registration response error message: DEPRECATED_ENDPOINT
10월 17, 2024 16:47:28.854 [9868:25880:1017/164728.853:ERROR:registration_request.cc(291)] Registration response error message: DEPRECATED_ENDPOINT
10월 17, 2024 16:50:42.766 [9868:25880:1017/165042.766:ERROR:registration_request.cc(291)] Registration response error message: DEPRECATED_ENDPOINT
10월 17, 2024 16:58:06.778 [9868:25880:1017/165806.778:ERROR:registration_request.cc(291)] Registration response error message: DEPRECATED_ENDPOINT

10월 17, 2024 17:21:08.822 NEW SESSION
10월 17, 2024 17:21:08.822 Created TensorFlow Lite XNNPACK delegate for CPU.
10월 17, 2024 17:21:09.43 [19472:16404:1017/172109.043:ERROR:registration_request.cc(291)] Registration response error message: DEPRECATED_ENDPOINT
10월 17, 2024 17:21:31.275 [19472:16404:1017/172131.275:ERROR:registration_request.cc(291)] Registration response error message: DEPRECATED_ENDPOINT
10월 17, 2024 17:22:13.57 [19472:16404:1017/172213.057:ERROR:registration_request.cc(291)] Registration response error message: DEPRECATED_ENDPOINT
10월 17, 2024 17:24:06.81 Created TensorFlow Lite XNNPACK delegate for CPU.
10월 17, 2024 17:24:06.241 [22492:25944:1017/172406.240:ERROR:registration_request.cc(291)] Registration response error message: DEPRECATED_ENDPOINT
